  Source.cpp
C:\Users\Martin\Desktop\ELEC4123\Elective\ELEC4123-BCI-system\Project1\Source.cpp(60,82): warning C4244: 'argument': conversion from 'double' to 'const unsigned __int64', possible loss of data
C:\Users\Martin\Desktop\ELEC4123\Elective\ELEC4123-BCI-system\Project1\Source.cpp(61,82): warning C4244: 'argument': conversion from 'double' to 'const unsigned __int64', possible loss of data
C:\Users\Martin\Desktop\ELEC4123\Elective\ELEC4123-BCI-system\Project1\Source.cpp(62,82): warning C4244: 'argument': conversion from 'double' to 'const unsigned __int64', possible loss of data
C:\Users\Martin\Desktop\ELEC4123\Elective\ELEC4123-BCI-system\Project1\Source.cpp(63,80): warning C4244: 'argument': conversion from 'double' to 'const unsigned __int64', possible loss of data
C:\Users\Martin\Desktop\ELEC4123\Elective\ELEC4123-BCI-system\Project1\Source.cpp(121,23): warning C4267: 'initializing': conversion from 'size_t' to 'int', possible loss of data
C:\Users\Martin\Desktop\ELEC4123\Elective\ELEC4123-BCI-system\Project1\Source.cpp(126,13): warning C4244: 'initializing': conversion from 'double' to 'int', possible loss of data
C:\Users\Martin\Desktop\ELEC4123\Elective\ELEC4123-BCI-system\Project1\Source.cpp(127,20): warning C4244: 'initializing': conversion from 'float' to 'int', possible loss of data
C:\Users\Martin\Desktop\ELEC4123\Elective\ELEC4123-BCI-system\Project1\Source.cpp(152,34): warning C4244: '=': conversion from 'double' to 'int', possible loss of data
C:\Users\Martin\Desktop\ELEC4123\Elective\ELEC4123-BCI-system\Project1\Source.cpp(156,34): warning C4244: '=': conversion from 'double' to 'int', possible loss of data
C:\Users\Martin\Desktop\ELEC4123\Elective\ELEC4123-BCI-system\Project1\Source.cpp(160,34): warning C4244: '=': conversion from 'double' to 'int', possible loss of data
C:\Users\Martin\Desktop\ELEC4123\Elective\ELEC4123-BCI-system\Project1\Source.cpp(164,34): warning C4244: '=': conversion from 'double' to 'int', possible loss of data
C:\Users\Martin\Desktop\ELEC4123\Elective\ELEC4123-BCI-system\Project1\Source.cpp(167,63): warning C4244: 'argument': conversion from 'double' to 'const unsigned __int64', possible loss of data
C:\Users\Martin\Desktop\ELEC4123\Elective\ELEC4123-BCI-system\Project1\Source.cpp(171,59): warning C4244: 'argument': conversion from 'double' to 'const unsigned __int64', possible loss of data
C:\Users\Martin\Desktop\ELEC4123\Elective\ELEC4123-BCI-system\Project1\Source.cpp(318,78): warning C4244: 'return': conversion from '__int64' to 'int', possible loss of data
C:\Users\Martin\Desktop\ELEC4123\Elective\ELEC4123-BCI-system\Project1\dj_fft.h(128,15): warning C4244: 'initializing': conversion from 'double' to 'T', possible loss of data
          with
          [
              T=float
          ]
C:\Users\Martin\Desktop\ELEC4123\Elective\ELEC4123-BCI-system\Project1\Source.cpp(234): message : see reference to function template instantiation 'std::vector<std::complex<float>,std::allocator<std::complex<float>>> dj::fft1d<float>(const std::vector<std::complex<float>,std::allocator<std::complex<float>>> &,const dj::fft_dir &)' being compiled
C:\Program Files (x86)\Microsoft Visual Studio\2019\Community\VC\Tools\MSVC\14.29.30037\include\xmemory(714,68): warning C4244: 'argument': conversion from 'double' to 'const std::complex<float>::_Ty', possible loss of data
C:\Program Files (x86)\Microsoft Visual Studio\2019\Community\VC\Tools\MSVC\14.29.30037\include\xmemory(1610): message : see reference to function template instantiation 'void std::_Default_allocator_traits<_Alloc>::construct<_Ty,double&>(_Alloc &,_Objty *const ,double &)' being compiled
          with
          [
              _Alloc=std::allocator<std::complex<float>>,
              _Ty=std::complex<float>,
              _Objty=std::complex<float>
          ]
C:\Program Files (x86)\Microsoft Visual Studio\2019\Community\VC\Tools\MSVC\14.29.30037\include\xmemory(1611): message : see reference to function template instantiation 'void std::_Default_allocator_traits<_Alloc>::construct<_Ty,double&>(_Alloc &,_Objty *const ,double &)' being compiled
          with
          [
              _Alloc=std::allocator<std::complex<float>>,
              _Ty=std::complex<float>,
              _Objty=std::complex<float>
          ]
C:\Program Files (x86)\Microsoft Visual Studio\2019\Community\VC\Tools\MSVC\14.29.30037\include\xmemory(1651): message : see reference to function template instantiation 'void std::_Uninitialized_backout_al<_Alloc>::_Emplace_back<double&>(double &)' being compiled
          with
          [
              _Alloc=std::allocator<std::complex<float>>
          ]
C:\Program Files (x86)\Microsoft Visual Studio\2019\Community\VC\Tools\MSVC\14.29.30037\include\xmemory(1651): message : see reference to function template instantiation 'void std::_Uninitialized_backout_al<_Alloc>::_Emplace_back<double&>(double &)' being compiled
          with
          [
              _Alloc=std::allocator<std::complex<float>>
          ]
C:\Program Files (x86)\Microsoft Visual Studio\2019\Community\VC\Tools\MSVC\14.29.30037\include\vector(1654): message : see reference to function template instantiation 'std::complex<float> *std::_Uninitialized_copy<_Iter,std::allocator<std::complex<float>>>(const _InIt,const _InIt,std::complex<float> *,_Alloc &)' being compiled
          with
          [
              _Iter=double *,
              _InIt=double *,
              _Alloc=std::allocator<std::complex<float>>
          ]
C:\Program Files (x86)\Microsoft Visual Studio\2019\Community\VC\Tools\MSVC\14.29.30037\include\vector(530): message : see reference to function template instantiation 'std::complex<float> *std::vector<std::complex<float>,std::allocator<std::complex<float>>>::_Ucopy<_Iter>(_Iter,_Iter,std::complex<float> *)' being compiled
          with
          [
              _Iter=double *
          ]
C:\Program Files (x86)\Microsoft Visual Studio\2019\Community\VC\Tools\MSVC\14.29.30037\include\vector(530): message : see reference to function template instantiation 'std::complex<float> *std::vector<std::complex<float>,std::allocator<std::complex<float>>>::_Ucopy<_Iter>(_Iter,_Iter,std::complex<float> *)' being compiled
          with
          [
              _Iter=double *
          ]
C:\Program Files (x86)\Microsoft Visual Studio\2019\Community\VC\Tools\MSVC\14.29.30037\include\vector(542): message : see reference to function template instantiation 'void std::vector<std::complex<float>,std::allocator<std::complex<float>>>::_Range_construct_or_tidy<double*>(_Iter,_Iter,std::forward_iterator_tag)' being compiled
          with
          [
              _Iter=double *
          ]
C:\Program Files (x86)\Microsoft Visual Studio\2019\Community\VC\Tools\MSVC\14.29.30037\include\vector(542): message : see reference to function template instantiation 'void std::vector<std::complex<float>,std::allocator<std::complex<float>>>::_Range_construct_or_tidy<double*>(_Iter,_Iter,std::forward_iterator_tag)' being compiled
          with
          [
              _Iter=double *
          ]
C:\Users\Martin\Desktop\ELEC4123\Elective\ELEC4123-BCI-system\Project1\Source.cpp(142): message : see reference to function template instantiation 'std::vector<std::complex<float>,std::allocator<std::complex<float>>>::vector<std::_Vector_iterator<std::_Vector_val<std::_Simple_types<_Ty>>>,0>(_Iter,_Iter,const _Alloc &)' being compiled
          with
          [
              _Ty=double,
              _Iter=std::_Vector_iterator<std::_Vector_val<std::_Simple_types<double>>>,
              _Alloc=std::allocator<std::complex<float>>
          ]
C:\Users\Martin\Desktop\ELEC4123\Elective\ELEC4123-BCI-system\Project1\Source.cpp(142): message : see reference to function template instantiation 'std::vector<std::complex<float>,std::allocator<std::complex<float>>>::vector<std::_Vector_iterator<std::_Vector_val<std::_Simple_types<_Ty>>>,0>(_Iter,_Iter,const _Alloc &)' being compiled
          with
          [
              _Ty=double,
              _Iter=std::_Vector_iterator<std::_Vector_val<std::_Simple_types<double>>>,
              _Alloc=std::allocator<std::complex<float>>
          ]
  Project1.vcxproj -> C:\Users\Martin\Desktop\ELEC4123\Elective\ELEC4123-BCI-system\Project1\x64\Debug\Project1.exe
